#
# There is insufficient memory for the Java Runtime Environment to continue.
# Native memory allocation (mmap) failed to map 134217728 bytes for G1 virtual space
# Possible reasons:
#   The system is out of physical RAM or swap space
#   The process is running with CompressedOops enabled, and the Java Heap may be blocking the growth of the native heap
# Possible solutions:
#   Reduce memory load on the system
#   Increase physical memory or swap space
#   Check if swap backing store is full
#   Decrease Java heap size (-Xmx/-Xms)
#   Decrease number of Java threads
#   Decrease Java thread stack sizes (-Xss)
#   Set larger code cache with -XX:ReservedCodeCacheSize=
#   JVM is running with Unscaled Compressed Oops mode in which the Java heap is
#     placed in the first 4GB address space. The Java Heap base address is the
#     maximum limit for the native heap growth. Please use -XX:HeapBaseMinAddress
#     to set the Java Heap base and to place the Java Heap above 4GB virtual address.
# This output file may be truncated or incomplete.
#
#  Out of Memory Error (os_windows.cpp:3600), pid=7148, tid=6952
#
# JRE version:  (21.0.2+13) (build )
# Java VM: Java HotSpot(TM) 64-Bit Server VM (21.0.2+13-LTS-58, mixed mode, sharing, tiered, compressed oops, compressed class ptrs, g1 gc, windows-amd64)
# No core dump will be written. Minidumps are not enabled by default on client versions of Windows
#

---------------  S U M M A R Y ------------

Command Line: -Dfile.encoding=UTF-8 -Dstdout.encoding=UTF-8 -Dstderr.encoding=UTF-8 -XX:+ShowCodeDetailsInExceptionMessages com.ProjetLibre.ProjetLibre.ProjetLibreApplication

Host: Intel(R) Core(TM) i5-8250U CPU @ 1.60GHz, 8 cores, 7G,  Windows 11 , 64 bit Build 22621 (10.0.22621.3958)
Time: Sat Nov  2 15:30:47 2024 Maroc (heure d64 bit Build 22621 (10.0.22621.3958) elapsed time: 0.020937 seconds (0d 0h 0m 0s)

---------------  T H R E A D  ---------------

Current thread (0x000001730c15b300):  JavaThread "Unknown thread" [_thread_in_vm, id=6952, stack(0x00000057a7a00000,0x00000057a7b00000) (1024K)]

Stack: [0x00000057a7a00000,0x00000057a7b00000]
Native frames: (J=compiled Java code, j=interpreted, Vv=VM code, C=native code)
V  [jvm.dll+0x6cade9]
V  [jvm.dll+0x8569c1]
V  [jvm.dll+0x858d2e]
V  [jvm.dll+0x859413]
V  [jvm.dll+0x280e56]
V  [jvm.dll+0x6c74d5]
V  [jvm.dll+0x6bbeca]
V  [jvm.dll+0x355bca]
V  [jvm.dll+0x35d816]
V  [jvm.dll+0x3ae67e]
V  [jvm.dll+0x3ae928]
V  [jvm.dll+0x3295dc]
V  [jvm.dll+0x32a16b]
V  [jvm.dll+0x81efa9]
V  [jvm.dll+0x3bba01]
V  [jvm.dll+0x807928]
V  [jvm.dll+0x44f50e]
V  [jvm.dll+0x450e11]
C  [jli.dll+0x52a3]
C  [ucrtbase.dll+0x29333]
C  [KERNEL32.DLL+0x1257d]
C  [ntdll.dll+0x5af08]


---------------  P R O C E S S  ---------------

Threads class SMR info:
_java_thread_list=0x00007fffeabfbb88, length=0, elements={
}

Java Threads: ( => current thread )
Total: 0

Other Threads:
  0x000001730c1b0a30 WorkerThread "GC Thread#0"                     [id=15904, stack(0x00000057a7b00000,0x00000057a7c00000) (1024K)]
  0x000001730c1c1fa0 ConcurrentGCThread "G1 Main Marker"            [id=9640, stack(0x00000057a7c00000,0x00000057a7d00000) (1024K)]
  0x000001730c1c29a0 WorkerThread "G1 Conc#0"                       [id=19056, stack(0x00000057a7d00000,0x00000057a7e00000) (1024K)]

[error occurred during error reporting (printing all threads), id 0xc0000005, EXCEPTION_ACCESS_VIOLATION (0xc0000005) at pc=0x00007fffea36c6a7]
VM state: not at safepoint (not fully initialized)

VM Mutex/Monitor currently owned by a thread:  ([mutex/lock_event])
[0x00007fffeac6ce68] Heap_lock - owner thread: 0x000001730c15b300

Heap address: 0x0000000081600000, size: 2026 MB, Compressed Oops mode: 32-bit

CDS archive(s) mapped at: [0x0000000000000000-0x0000000000000000-0x0000000000000000), size 0, SharedBaseAddress: 0x0000000800000000, ArchiveRelocationMode: 1.
Narrow klass base: 0x0000000000000000, Narrow klass shift: 0, Narrow klass range: 0x0

GC Precious Log:
 CardTable entry size: 512
 Card Set container configuration: InlinePtr #cards 5 size 8 Array Of Cards #cards 12 size 40 Howl #buckets 4 coarsen threshold 1843 Howl Bitmap #cards 512 size 80 coarsen threshold 460 Card regions per heap region 1 cards per card region 2048

Heap:
 garbage-first heap   total 0K, used 0K [0x0000000081600000, 0x0000000100000000)
  region size 1024K, 0 young (0K), 0 survivors (0K)

[error occurred during error reporting (printing heap information), id 0xc0000005, EXCEPTION_ACCESS_VIOLATION (0xc0000005) at pc=0x00007fffea7539f9]
GC Heap History (0 events):
No events

Dll operation events (1 events):
Event: 0.013 Loaded shared library C:\Program Files\Java\jdk-21\bin\java.dll

Deoptimization events (0 events):
No events

Classes loaded (0 events):
No events

Classes unloaded (0 events):
No events

Classes redefined (0 events):
No events

Internal exceptions (0 events):
No events

ZGC Phase Switch (0 events):
No events

VM Operations (0 events):
No events

Events (0 events):
No events


Dynamic libraries:
0x00007ff762960000 - 0x00007ff762970000 	C:\Program Files\Java\jdk-21\bin\javaw.exe
0x00007ff842190000 - 0x00007ff8423a7000 	C:\Windows\SYSTEM32\ntdll.dll
0x00007ff8418b0000 - 0x00007ff841974000 	C:\Windows\System32\KERNEL32.DLL
0x00007ff83f540000 - 0x00007ff83f8f7000 	C:\Windows\System32\KERNELBASE.dll
0x00007ff83f900000 - 0x00007ff83fa11000 	C:\Windows\System32\ucrtbase.dll
0x00007ff834c80000 - 0x00007ff834c9b000 	C:\Program Files\Java\jdk-21\bin\VCRUNTIME140.dll
0x00007ff834c60000 - 0x00007ff834c79000 	C:\Program Files\Java\jdk-21\bin\jli.dll
0x00007ff8411b0000 - 0x00007ff841262000 	C:\Windows\System32\ADVAPI32.dll
0x00007ff842090000 - 0x00007ff842137000 	C:\Windows\System32\msvcrt.dll
0x00007ff841a90000 - 0x00007ff841b38000 	C:\Windows\System32\sechost.dll
0x00007ff83fa20000 - 0x00007ff83fa48000 	C:\Windows\System32\bcrypt.dll
0x00007ff840f30000 - 0x00007ff841044000 	C:\Windows\System32\RPCRT4.dll
0x00007ff841ee0000 - 0x00007ff84208f000 	C:\Windows\System32\USER32.dll
0x00007ff826de0000 - 0x00007ff827073000 	C:\Windows\WinSxS\amd64_microsoft.windows.common-controls_6595b64144ccf1df_6.0.22621.3672_none_2713b9d173822955\COMCTL32.dll
0x00007ff83fe90000 - 0x00007ff83feb6000 	C:\Windows\System32\win32u.dll
0x00007ff841170000 - 0x00007ff841199000 	C:\Windows\System32\GDI32.dll
0x00007ff83fd70000 - 0x00007ff83fe88000 	C:\Windows\System32\gdi32full.dll
0x00007ff83b3e0000 - 0x00007ff83b3ea000 	C:\Windows\SYSTEM32\VERSION.dll
0x00007ff83f4a0000 - 0x00007ff83f53a000 	C:\Windows\System32\msvcp_win.dll
0x00007ff841130000 - 0x00007ff841161000 	C:\Windows\System32\IMM32.DLL
0x00007ff836eb0000 - 0x00007ff836ebc000 	C:\Program Files\Java\jdk-21\bin\vcruntime140_1.dll
0x00007ff80a6d0000 - 0x00007ff80a75e000 	C:\Program Files\Java\jdk-21\bin\msvcp140.dll
0x00007fffea030000 - 0x00007fffead47000 	C:\Program Files\Java\jdk-21\bin\server\jvm.dll
0x00007ff841a10000 - 0x00007ff841a81000 	C:\Windows\System32\WS2_32.dll
0x00007ff83f370000 - 0x00007ff83f3bd000 	C:\Windows\SYSTEM32\POWRPROF.dll
0x00007ff83af70000 - 0x00007ff83afa4000 	C:\Windows\SYSTEM32\WINMM.dll
0x00007ff83f350000 - 0x00007ff83f363000 	C:\Windows\SYSTEM32\UMPDC.dll
0x00007ff83e4b0000 - 0x00007ff83e4c8000 	C:\Windows\SYSTEM32\kernel.appcore.dll
0x00007ff83bde0000 - 0x00007ff83bdea000 	C:\Program Files\Java\jdk-21\bin\jimage.dll
0x00007ff81de70000 - 0x00007ff81e0a2000 	C:\Windows\SYSTEM32\DBGHELP.DLL
0x00007ff8402b0000 - 0x00007ff84063e000 	C:\Windows\System32\combase.dll
0x00007ff841050000 - 0x00007ff841127000 	C:\Windows\System32\OLEAUT32.dll
0x00007ff81dd00000 - 0x00007ff81dd32000 	C:\Windows\SYSTEM32\dbgcore.DLL
0x00007ff83fcf0000 - 0x00007ff83fd6b000 	C:\Windows\System32\bcryptPrimitives.dll
0x00007ff83bd90000 - 0x00007ff83bdaf000 	C:\Program Files\Java\jdk-21\bin\java.dll

dbghelp: loaded successfully - version: 4.0.5 - missing functions: none
symbol engine: initialized successfully - sym options: 0x614 - pdb path: .;C:\Program Files\Java\jdk-21\bin;C:\Windows\SYSTEM32;C:\Windows\WinSxS\amd64_microsoft.windows.common-controls_6595b64144ccf1df_6.0.22621.3672_none_2713b9d173822955;C:\Program Files\Java\jdk-21\bin\server

VM Arguments:
jvm_args: -Dfile.encoding=UTF-8 -Dstdout.encoding=UTF-8 -Dstderr.encoding=UTF-8 -XX:+ShowCodeDetailsInExceptionMessages 
java_command: com.ProjetLibre.ProjetLibre.ProjetLibreApplication
java_class_path (initial): C:\Users\LENOVO\git\gestion-de-laboratoire\ProjetLibre\target\classes;C:\Users\LENOVO\.m2\repository\org\springframework\boot\spring-boot-starter-data-jpa\3.3.4\spring-boot-starter-data-jpa-3.3.4.jar;C:\Users\LENOVO\.m2\repository\org\springframework\boot\spring-boot-starter-aop\3.3.4\spring-boot-starter-aop-3.3.4.jar;C:\Users\LENOVO\.m2\repository\org\springframework\spring-aop\6.1.13\spring-aop-6.1.13.jar;C:\Users\LENOVO\.m2\repository\org\aspectj\aspectjweaver\1.9.22.1\aspectjweaver-1.9.22.1.jar;C:\Users\LENOVO\.m2\repository\org\springframework\boot\spring-boot-starter-jdbc\3.3.4\spring-boot-starter-jdbc-3.3.4.jar;C:\Users\LENOVO\.m2\repository\com\zaxxer\HikariCP\5.1.0\HikariCP-5.1.0.jar;C:\Users\LENOVO\.m2\repository\org\springframework\spring-jdbc\6.1.13\spring-jdbc-6.1.13.jar;C:\Users\LENOVO\.m2\repository\org\hibernate\orm\hibernate-core\6.5.3.Final\hibernate-core-6.5.3.Final.jar;C:\Users\LENOVO\.m2\repository\jakarta\persistence\jakarta.persistence-api\3.1.0\jakarta.persistence-api-3.1.0.jar;C:\Users\LENOVO\.m2\repository\jakarta\transaction\jakarta.transaction-api\2.0.1\jakarta.transaction-api-2.0.1.jar;C:\Users\LENOVO\.m2\repository\org\jboss\logging\jboss-logging\3.5.3.Final\jboss-logging-3.5.3.Final.jar;C:\Users\LENOVO\.m2\repository\org\hibernate\common\hibernate-commons-annotations\6.0.6.Final\hibernate-commons-annotations-6.0.6.Final.jar;C:\Users\LENOVO\.m2\repository\io\smallrye\jandex\3.1.2\jandex-3.1.2.jar;C:\Users\LENOVO\.m2\repository\com\fasterxml\classmate\1.7.0\classmate-1.7.0.jar;C:\Users\LENOVO\.m2\repository\org\glassfish\jaxb\jaxb-runtime\4.0.5\jaxb-runtime-4.0.5.jar;C:\Users\LENOVO\.m2\repository\org\glassfish\jaxb\jaxb-core\4.0.5\jaxb-core-4.0.5.jar;C:\Users\LENOVO\.m2\repository\org\eclipse\angus\angus-activation\2.0.2\angus-activation-2.0.2.jar;C:\Users\LENOVO\.m2\repository\org\glassfish\jaxb\txw2\4.0.5\txw2-4.0.5.jar;C:\Users\LENOVO\.m2\repository\com\sun\istack\istack-commons-runtime\4.1.2\istack-commons-runtime-4.1.2.jar;C:\Users\LENOVO\.m2\repository\jakarta\inject\jakarta.inject-api\2.0.1\jakarta.inject-api-2.0.1.jar;C:\Users\LENOVO\.m2\repository\org\antlr\antlr4-runtime\4.13.0\antlr4-runtime-4.13.0.jar;C:\Users\LENOVO\.m2\repository\org\springframework\data\spring-data-jpa\3.3.4\spring-data-jpa-3.3.4.jar;C:\Users\LENOVO\.m2\repository\org\springframework\data\spring-data-commons\3.3.4\spring-data-commons-3.3.4.jar;C:\Users\LENOVO\.m2\repository\org\springframework\spring-orm\6.1.13\spring-orm-6.1.13.jar;C:\Users\LENOVO\.m2\repository\org\springframework\spring-context\6.1.13\spring-context-6.1.13.jar;C:\Users\LENOVO\.m2\repository\org\springframework\spring-tx\6.1.13\spring-tx-6.1.13.jar;C:\Users\LENOVO\.m2\repository\org\springframework\spring-beans\6.1.13\spring-beans-6.1.13.jar;C:\Users\LENOVO\.m2\repository\jakarta\annotation\jakarta.annotation-api\2.1.1\jakarta.annotation-api-2.1.1.jar;C:\Users\LENOVO\.m2\repository\org\slf4j\slf4j-api\2.0.16\slf4j-api-2.0.16.jar;C:\Users\LENOVO\.m2\repository\org\springframework\spring-aspects\6.1.13\spring-aspects-6.1.13.jar;C:\Users\LENOVO\.m2\repository\org\projectlombok\lombok\1.18.34\lombok-1.18.34.jar;C:\Users\LENOVO\.m2\repository\com\mysql\mysql-connector-j\8.3.0\mysql-connector-j-8.3.0.jar;C:\Users\LENOVO\.m2\repository\org\springframework\boot\spring-boot-starter-web\3.3.4\spring-boot-starter-web-3.3.4.jar;C:\Users\LENOVO\.m2\repository\org\springframework\boot\spring-boot-starter\3.3.4\spring-boot-starter-3.3.4.jar;C:\Users\LENOVO\.m2\repository\org\springframework\boot\spring-boot\3.3.4\spring-boot-3.3.4.jar;C:\Users\LENOVO\.m2\repository\org\springframework\boot\spring-boot-autoconfigure\3.3.4\spring-boot-autoconfigure-3.3.4.jar;C:\Users\LENOVO\.m2\repository\org\springframework\boot\spring-boot-starter-logging\3.3.4\spring-boot-starter-logging-3.3.4.jar;C:\Users\LENOVO\.m2\repository\ch\qos\logback\logback-classic\1.5.8\logback-classic-1.5.8.jar;C:\Users\LENOVO\.m2\repository\ch\qos\logback\logback-core\1.5.8\logback-core-1.5.8.jar;C:\Users\LENOVO\.m2\repository\org\apache\logging\log4j\log4j-to-slf4j\2.23.1\log4j-to-slf4j-2.23.1.jar;C:\Users\LENOVO\.m2\repository\org\apache\logging\log4j\log4j-api\2.23.1\log4j-api-2.23.1.jar;C:\Users\LENOVO\.m2\repository\org\slf4j\jul-to-slf4j\2.0.16\jul-to-slf4j-2.0.16.jar;C:\Users\LENOVO\.m2\repository\org\yaml\snakeyaml\2.2\snakeyaml-2.2.jar;C:\Users\LENOVO\.m2\repository\org\springframework\boot\spring-boot-starter-json\3.3.4\spring-boot-starter-json-3.3.4.jar;C:\Users\LENOVO\.m2\repository\com\fasterxml\jackson\core\jackson-databind\2.17.2\jackson-databind-2.17.2.jar;C:\Users\LENOVO\.m2\repository\com\fasterxml\jackson\core\jackson-annotations\2.17.2\jackson-annotations-2.17.2.jar;C:\Users\LENOVO\.m2\repository\com\fasterxml\jackson\core\jackson-core\2.17.2\jackson-core-2.17.2.jar;C:\Users\LENOVO\.m2\repository\com\fasterxml\jackson\datatype\jackson-datatype-jdk8\2.17.2\jackson-datatype-jdk8-2.17.2.jar;C:\Users\LENOVO\.m2\repository\com\fasterxml\jackson\datatype\jackson-datatype-jsr310\2.17.2\jackson-datatype-jsr310-2.17.2.jar;C:\Users\LENOVO\.m2\repository\com\fasterxml\jackson\module\jackson-module-parameter-names\2.17.2\jackson-module-parameter-names-2.17.2.jar;C:\Users\LENOVO\.m2\repository\org\springframework\boot\spring-boot-starter-tomcat\3.3.4\spring-boot-starter-tomcat-3.3.4.jar;C:\Users\LENOVO\.m2\repository\org\apache\tomcat\embed\tomcat-embed-core\10.1.30\tomcat-embed-core-10.1.30.jar;C:\Users\LENOVO\.m2\repository\org\apache\tomcat\embed\tomcat-embed-el\10.1.30\tomcat-embed-el-10.1.30.jar;C:\Users\LENOVO\.m2\repository\org\apache\tomcat\embed\tomcat-embed-websocket\10.1.30\tomcat-embed-websocket-10.1.30.jar;C:\Users\LENOVO\.m2\repository\org\springframework\spring-web\6.1.13\spring-web-6.1.13.jar;C:\Users\LENOVO\.m2\repository\io\micrometer\micrometer-observation\1.13.4\micrometer-observation-1.13.4.jar;C:\Users\LENOVO\.m2\repository\io\micrometer\micrometer-commons\1.13.4\micrometer-commons-1.13.4.jar;C:\Users\LENOVO\.m2\repository\org\springframework\spring-webmvc\6.1.13\spring-webmvc-6.1.13.jar;C:\Users\LENOVO\.m2\repository\org\springframework\spring-expression\6.1.13\spring-expression-6.1.13.jar;C:\Users\LENOVO\.m2\repository\jakarta\xml\bind\jakarta.xml.bind-api\4.0.2\jakarta.xml.bind-api-4.0.2.jar;C:\Users\LENOVO\.m2\repository\jakarta\activation\jakarta.activation-api\2.1.3\jakarta.activation-api-2.1.3.jar;C:\Users\LENOVO\.m2\repository\org\springframework\spring-core\6.1.13\spring-core-6.1.13.jar;C:\Users\LENOVO\.m2\repository\org\springframework\spring-jcl\6.1.13\spring-jcl-6.1.13.jar;C:\Users\LENOVO\.m2\repository\net\bytebuddy\byte-buddy\1.14.19\byte-buddy-1.14.19.jar;C:\Users\LENOVO\.m2\repository\org\seleniumhq\selenium\selenium-java\3.141.59\selenium-java-3.141.59.jar;C:\Users\LENOVO\.m2\repository\org\seleniumhq\selenium\selenium-api\4.19.1\selenium-api-4.19.1.jar;C:\Users\LENOVO\.m2\repository\org\seleniumhq\selenium\selenium-chrome-driver\4.19.1\selenium-chrome-driver-4.19.1.jar;C:\Users\LENOVO\.m2\repository\com\google\auto\service\auto-service-annotations\1.1.1\auto-service-annotations-1.1.1.jar;C:\Users\LENOVO\.m2\repository\org\seleniumhq\selenium\selenium-chromium-driver\4.19.1\selenium-chromium-driver-4.19.1.jar;C:\Users\LENOVO\.m2\repository\org\seleniumhq\selenium\selenium-json\4.19.1\selenium-json-4.19.1.jar;C:\Users\LENOVO\.m2\repository\org\seleniumhq\selenium\selenium-manager\4.19.1\selenium-manager-4.19.1.jar;C:\Users\LENOVO\.m2\repository\org\seleniumhq\selenium\selenium-edge-driver\4.19.1\selenium-edge-driver-4.19.1.jar;C:\Users\LENOVO\.m2\repository\org\seleniumhq\selenium\selenium-firefox-driver\4.19.1\selenium-firefox-driver-4.19.1.jar;C:\Users\LENOVO\.m2\repository\org\seleniumhq\selenium\selenium-devtools-v85\4.19.1\selenium-devtools-v85-4.19.1.jar;C:\Users\LENOVO\.m2\repository\org\seleniumhq\selenium\selenium-http\4.19.1\selenium-http-4.19.1.jar;C:\Users\LENOVO\.m2\repository\dev\failsafe\failsafe\3.3.2\failsafe-3.3.2.jar;C:\Users\LENOVO\.m2\repository\org\seleniumhq\selenium\selenium-ie-driver\4.19.1\selenium-ie-driver-4.19.1.jar;C:\Users\LENOVO\.m2\repository\org\seleniumhq\selenium\selenium-opera-driver\3.141.59\selenium-opera-driver-3.141.59.jar;C:\Users\LENOVO\.m2\repository\org\seleniumhq\selenium\selenium-remote-driver\4.19.1\selenium-remote-driver-4.19.1.jar;C:\Users\LENOVO\.m2\repository\io\opentelemetry\semconv\opentelemetry-semconv\1.23.1-alpha\opentelemetry-semconv-1.23.1-alpha.jar;C:\Users\LENOVO\.m2\repository\io\opentelemetry\opentelemetry-api\1.37.0\opentelemetry-api-1.37.0.jar;C:\Users\LENOVO\.m2\repository\io\opentelemetry\opentelemetry-context\1.37.0\opentelemetry-context-1.37.0.jar;C:\Users\LENOVO\.m2\repository\io\opentelemetry\opentelemetry-exporter-logging\1.37.0\opentelemetry-exporter-logging-1.37.0.jar;C:\Users\LENOVO\.m2\repository\io\opentelemetry\opentelemetry-sdk-common\1.37.0\opentelemetry-sdk-common-1.37.0.jar;C:\Users\LENOVO\.m2\repository\io\opentelemetry\opentelemetry-sdk-extension-autoconfigure-spi\1.37.0\opentelemetry-sdk-extension-autoconfigure-spi-1.37.0.jar;C:\Users\LENOVO\.m2\repository\io\opentelemetry\opentelemetry-sdk-extension-autoconfigure\1.37.0\opentelemetry-sdk-extension-autoconfigure-1.37.0.jar;C:\Users\LENOVO\.m2\repository\io\opentelemetry\opentelemetry-api-incubator\1.37.0-alpha\opentelemetry-api-incubator-1.37.0-alpha.jar;C:\Users\LENOVO\.m2\repository\io\opentelemetry\opentelemetry-sdk-trace\1.37.0\opentelemetry-sdk-trace-1.37.0.jar;C:\Users\LENOVO\.m2\repository\io\opentelemetry\opentelemetry-sdk\1.37.0\opentelemetry-sdk-1.37.0.jar;C:\Users\LENOVO\.m2\repository\io\opentelemetry\opentelemetry-sdk-metrics\1.37.0\opentelemetry-sdk-metrics-1.37.0.jar;C:\Users\LENOVO\.m2\repository\io\opentelemetry\opentelemetry-sdk-logs\1.37.0\opentelemetry-sdk-logs-1.37.0.jar;C:\Users\LENOVO\.m2\repository\org\seleniumhq\selenium\selenium-os\4.19.1\selenium-os-4.19.1.jar;C:\Users\LENOVO\.m2\repository\org\seleniumhq\selenium\selenium-safari-driver\4.19.1\selenium-safari-driver-4.19.1.jar;C:\Users\LENOVO\.m2\repository\org\seleniumhq\selenium\selenium-support\4.19.1\selenium-support-4.19.1.jar;C:\Users\LENOVO\.m2\repository\org\apache\commons\commons-exec\1.3\commons-exec-1.3.jar;C:\Users\LENOVO\.m2\repository\com\google\guava\guava\25.0-jre\guava-25.0-jre.jar;C:\Users\LENOVO\.m2\repository\com\google\code\findbugs\jsr305\1.3.9\jsr305-1.3.9.jar;C:\Users\LENOVO\.m2\repository\org\checkerframework\checker-compat-qual\2.0.0\checker-compat-qual-2.0.0.jar;C:\Users\LENOVO\.m2\repository\com\google\errorprone\error_prone_annotations\2.1.3\error_prone_annotations-2.1.3.jar;C:\Users\LENOVO\.m2\repository\com\google\j2objc\j2objc-annotations\1.1\j2objc-annotations-1.1.jar;C:\Users\LENOVO\.m2\repository\org\codehaus\mojo\animal-sniffer-annotations\1.14\animal-sniffer-annotations-1.14.jar;C:\Users\LENOVO\.m2\repository\com\squareup\okhttp3\okhttp\4.12.0\okhttp-4.12.0.jar;C:\Users\LENOVO\.m2\repository\org\jetbrains\kotlin\kotlin-stdlib-jdk8\1.9.25\kotlin-stdlib-jdk8-1.9.25.jar;C:\Users\LENOVO\.m2\repository\org\jetbrains\kotlin\kotlin-stdlib\1.9.25\kotlin-stdlib-1.9.25.jar;C:\Users\LENOVO\.m2\repository\org\jetbrains\annotations\13.0\annotations-13.0.jar;C:\Users\LENOVO\.m2\repository\org\jetbrains\kotlin\kotlin-stdlib-jdk7\1.9.25\kotlin-stdlib-jdk7-1.9.25.jar;C:\Users\LENOVO\.m2\repository\com\squareup\okio\okio\1.14.0\okio-1.14.0.jar
Launcher Type: SUN_STANDARD

[Global flags]
     intx CICompilerCount                          = 4                                         {product} {ergonomic}
     uint ConcGCThreads                            = 2                                         {product} {ergonomic}
     uint G1ConcRefinementThreads                  = 8                                         {product} {ergonomic}
   size_t G1HeapRegionSize                         = 1048576                                   {product} {ergonomic}
    uintx GCDrainStackTargetSize                   = 64                                        {product} {ergonomic}
   size_t InitialHeapSize                          = 134217728                                 {product} {ergonomic}
   size_t MarkStackSize                            = 4194304                                   {product} {ergonomic}
   size_t MaxHeapSize                              = 2124414976                                {product} {ergonomic}
   size_t MinHeapDeltaBytes                        = 1048576                                   {product} {ergonomic}
   size_t MinHeapSize                              = 8388608                                   {product} {ergonomic}
    uintx NonNMethodCodeHeapSize                   = 5839372                                {pd product} {ergonomic}
    uintx NonProfiledCodeHeapSize                  = 122909434                              {pd product} {ergonomic}
    uintx ProfiledCodeHeapSize                     = 122909434                              {pd product} {ergonomic}
    uintx ReservedCodeCacheSize                    = 251658240                              {pd product} {ergonomic}
     bool SegmentedCodeCache                       = true                                      {product} {ergonomic}
     bool ShowCodeDetailsInExceptionMessages       = true                                   {manageable} {command line}
   size_t SoftMaxHeapSize                          = 2124414976                             {manageable} {ergonomic}
     bool UseCompressedOops                        = true                           {product lp64_product} {ergonomic}
     bool UseG1GC                                  = true                                      {product} {ergonomic}
     bool UseLargePagesIndividualAllocation        = false                                  {pd product} {ergonomic}

Logging:
Log output configuration:
 #0: stdout all=warning uptime,level,tags foldmultilines=false
 #1: stderr all=off uptime,level,tags foldmultilines=false

Environment Variables:
JAVA_HOME=C:\Program Files\Java\jdk-21
PATH=C:/Program Files/Java/jdk-21/bin/server;C:/Program Files/Java/jdk-21/bin;C:\Program Files\Git\bin;C:\Program Files\Java\jdk-17\bin;C:\Program Files\Java\jdk-21\bin;C:\Users\LENOVO\AppData\Local\Programs\Python\Python312\Scripts\;C:\Users\LENOVO\AppData\Local\Programs\Python\Python312\;C:\Program Files\dotnet;C:\flutter\bin;C:\Program Files\MongoDB\Tools\100\bin;C:\Program Files\MongoDB\Server\7.0\bin;C:\java\jdk-1.8\bin;C:\Program Files (x86)\Common Files\Oracle\Java\java8path;C:\Program Files (x86)\Common Files\Oracle\Java\javapath;C:\oraclexe\app\oracle\product\11.2.0\server\bin;C:\hadoop\bin;C:\hadoop\sbin;C:\Program Files\MongoDB\mongosh-2.2.6-win32-x64\bin;C:\dart-sdk\bin;C:\Windows\System32;C:\Program Files\dotnet\;C:\Program Files\Microsoft SQL Server\150\Tools\Binn\;C:\Program Files\nodejs\;C:\ProgramData\chocolatey\bin;C:\Program Files\Docker\Docker\resources\bin;C:\Program Files\Git\cmd;C:\Program Files\apache-cxf-4.0.5\bin;C:\Users\LENOVO\Downloads\sonarqube-10.7.0.96327\sonarqube-10.7.0.96327\bin;C:\Program Files\MySQL\MySQL Shell 8.0\bin\;C:\Users\LENOVO\AppData\Local\Microsoft\WindowsApps;C:\Users\LENOVO\AppData\Local\Programs\Microsoft VS Code\bin;C:\dart-sdk\bin;C:\flutter\bin;C:\Users\LENOVO\.dotnet\tools;C:\Users\LENOVO\AppData\Local\Programs\MiKTeX\miktex\bin\x64\;C:\Users\LENOVO\AppData\Roaming\npm;C:\Windows\System32;
USERNAME=LENOVO
OS=Windows_NT
PROCESSOR_IDENTIFIER=Intel64 Family 6 Model 142 Stepping 10, GenuineIntel
TMP=C:\Users\LENOVO\AppData\Local\Temp
TEMP=C:\Users\LENOVO\AppData\Local\Temp




Periodic native trim disabled

---------------  S Y S T E M  ---------------

OS:
 Windows 11 , 64 bit Build 22621 (10.0.22621.3958)
OS uptime: 8 days 23:31 hours
Hyper-V role detected

CPU: total 8 (initial active 8) (4 cores per cpu, 2 threads per core) family 6 model 142 stepping 10 microcode 0xe0, cx8, cmov, fxsr, ht, mmx, 3dnowpref, sse, sse2, sse3, ssse3, sse4.1, sse4.2, popcnt, lzcnt, tsc, tscinvbit, avx, avx2, aes, erms, clmul, bmi1, bmi2, adx, fma, vzeroupper, clflush, clflushopt, hv, rdtscp, f16c
Processor Information for processor 0
  Max Mhz: 1801, Current Mhz: 1500, Mhz Limit: 1801
Processor Information for processor 1
  Max Mhz: 1801, Current Mhz: 1500, Mhz Limit: 1801
Processor Information for processor 2
  Max Mhz: 1801, Current Mhz: 1801, Mhz Limit: 1801
Processor Information for processor 3
  Max Mhz: 1801, Current Mhz: 1500, Mhz Limit: 1801
Processor Information for processor 4
  Max Mhz: 1801, Current Mhz: 1500, Mhz Limit: 1801
Processor Information for processor 5
  Max Mhz: 1801, Current Mhz: 1500, Mhz Limit: 1801
Processor Information for processor 6
  Max Mhz: 1801, Current Mhz: 1801, Mhz Limit: 1801
Processor Information for processor 7
  Max Mhz: 1801, Current Mhz: 1500, Mhz Limit: 1801

Memory: 4k page, system-wide physical 8101M (434M free)
TotalPageFile size 15101M (AvailPageFile size 56M)
current process WorkingSet (physical memory assigned to process): 12M, peak: 12M
current process commit charge ("private bytes"): 60M, peak: 188M

vm_info: Java HotSpot(TM) 64-Bit Server VM (21.0.2+13-LTS-58) for windows-amd64 JRE (21.0.2+13-LTS-58), built on 2024-01-05T18:32:24Z by "mach5one" with MS VC++ 17.1 (VS2022)

END.
